<?xml version="1.0" encoding="UTF-8"?>
<testsuite xmlns:xsi="http://www.w3.org/2001/XMLSchema-instance" xsi:noNamespaceSchemaLocation="https://maven.apache.org/surefire/maven-surefire-plugin/xsd/surefire-test-report-3.0.xsd" version="3.0" name="TestSuite" time="36.518" tests="9" errors="0" skipped="0" failures="0">
  <properties>
    <property name="sun.desktop" value="windows"/>
    <property name="awt.toolkit" value="sun.awt.windows.WToolkit"/>
    <property name="java.specification.version" value="11"/>
    <property name="sun.cpu.isalist" value="amd64"/>
    <property name="sun.jnu.encoding" value="Cp1252"/>
    <property name="java.class.path" value="E:\JAVA_WEB\workspace\HerokuProject\target\test-classes;E:\JAVA_WEB\workspace\HerokuProject\target\classes;E:\M2\org\seleniumhq\selenium\selenium-java\4.12.1\selenium-java-4.12.1.jar;E:\M2\org\seleniumhq\selenium\selenium-api\4.12.1\selenium-api-4.12.1.jar;E:\M2\org\seleniumhq\selenium\selenium-chrome-driver\4.12.1\selenium-chrome-driver-4.12.1.jar;E:\M2\com\google\auto\service\auto-service-annotations\1.1.1\auto-service-annotations-1.1.1.jar;E:\M2\com\google\guava\guava\32.1.2-jre\guava-32.1.2-jre.jar;E:\M2\com\google\guava\failureaccess\1.0.1\failureaccess-1.0.1.jar;E:\M2\com\google\guava\listenablefuture\9999.0-empty-to-avoid-conflict-with-guava\listenablefuture-9999.0-empty-to-avoid-conflict-with-guava.jar;E:\M2\com\google\code\findbugs\jsr305\3.0.2\jsr305-3.0.2.jar;E:\M2\org\checkerframework\checker-qual\3.33.0\checker-qual-3.33.0.jar;E:\M2\com\google\errorprone\error_prone_annotations\2.18.0\error_prone_annotations-2.18.0.jar;E:\M2\com\google\j2objc\j2objc-annotations\2.8\j2objc-annotations-2.8.jar;E:\M2\org\seleniumhq\selenium\selenium-chromium-driver\4.12.1\selenium-chromium-driver-4.12.1.jar;E:\M2\org\seleniumhq\selenium\selenium-json\4.12.1\selenium-json-4.12.1.jar;E:\M2\org\seleniumhq\selenium\selenium-manager\4.12.1\selenium-manager-4.12.1.jar;E:\M2\org\seleniumhq\selenium\selenium-devtools-v114\4.12.1\selenium-devtools-v114-4.12.1.jar;E:\M2\org\seleniumhq\selenium\selenium-devtools-v115\4.12.1\selenium-devtools-v115-4.12.1.jar;E:\M2\org\seleniumhq\selenium\selenium-devtools-v116\4.12.1\selenium-devtools-v116-4.12.1.jar;E:\M2\org\seleniumhq\selenium\selenium-devtools-v85\4.12.1\selenium-devtools-v85-4.12.1.jar;E:\M2\org\seleniumhq\selenium\selenium-edge-driver\4.12.1\selenium-edge-driver-4.12.1.jar;E:\M2\org\seleniumhq\selenium\selenium-firefox-driver\4.12.1\selenium-firefox-driver-4.12.1.jar;E:\M2\org\seleniumhq\selenium\selenium-http\4.12.1\selenium-http-4.12.1.jar;E:\M2\dev\failsafe\failsafe\3.3.2\failsafe-3.3.2.jar;E:\M2\org\seleniumhq\selenium\selenium-ie-driver\4.12.1\selenium-ie-driver-4.12.1.jar;E:\M2\org\seleniumhq\selenium\selenium-remote-driver\4.12.1\selenium-remote-driver-4.12.1.jar;E:\M2\io\netty\netty-buffer\4.1.96.Final\netty-buffer-4.1.96.Final.jar;E:\M2\io\netty\netty-codec-http\4.1.96.Final\netty-codec-http-4.1.96.Final.jar;E:\M2\io\netty\netty-codec\4.1.96.Final\netty-codec-4.1.96.Final.jar;E:\M2\io\netty\netty-handler\4.1.96.Final\netty-handler-4.1.96.Final.jar;E:\M2\io\netty\netty-common\4.1.96.Final\netty-common-4.1.96.Final.jar;E:\M2\io\netty\netty-transport-classes-epoll\4.1.96.Final\netty-transport-classes-epoll-4.1.96.Final.jar;E:\M2\io\netty\netty-transport-classes-kqueue\4.1.96.Final\netty-transport-classes-kqueue-4.1.96.Final.jar;E:\M2\io\netty\netty-transport-native-epoll\4.1.96.Final\netty-transport-native-epoll-4.1.96.Final.jar;E:\M2\io\netty\netty-transport-native-kqueue\4.1.96.Final\netty-transport-native-kqueue-4.1.96.Final.jar;E:\M2\io\netty\netty-transport-native-unix-common\4.1.96.Final\netty-transport-native-unix-common-4.1.96.Final.jar;E:\M2\io\netty\netty-transport\4.1.96.Final\netty-transport-4.1.96.Final.jar;E:\M2\io\netty\netty-resolver\4.1.96.Final\netty-resolver-4.1.96.Final.jar;E:\M2\io\opentelemetry\opentelemetry-api\1.28.0\opentelemetry-api-1.28.0.jar;E:\M2\io\opentelemetry\opentelemetry-context\1.28.0\opentelemetry-context-1.28.0.jar;E:\M2\io\opentelemetry\opentelemetry-exporter-logging\1.28.0\opentelemetry-exporter-logging-1.28.0.jar;E:\M2\io\opentelemetry\opentelemetry-sdk-metrics\1.28.0\opentelemetry-sdk-metrics-1.28.0.jar;E:\M2\io\opentelemetry\opentelemetry-extension-incubator\1.28.0-alpha\opentelemetry-extension-incubator-1.28.0-alpha.jar;E:\M2\io\opentelemetry\opentelemetry-sdk-logs\1.28.0\opentelemetry-sdk-logs-1.28.0.jar;E:\M2\io\opentelemetry\opentelemetry-sdk-common\1.28.0\opentelemetry-sdk-common-1.28.0.jar;E:\M2\io\opentelemetry\opentelemetry-sdk-extension-autoconfigure-spi\1.28.0\opentelemetry-sdk-extension-autoconfigure-spi-1.28.0.jar;E:\M2\io\opentelemetry\opentelemetry-sdk-extension-autoconfigure\1.28.0\opentelemetry-sdk-extension-autoconfigure-1.28.0.jar;E:\M2\io\opentelemetry\opentelemetry-api-events\1.28.0-alpha\opentelemetry-api-events-1.28.0-alpha.jar;E:\M2\io\opentelemetry\opentelemetry-sdk-trace\1.28.0\opentelemetry-sdk-trace-1.28.0.jar;E:\M2\io\opentelemetry\opentelemetry-sdk\1.28.0\opentelemetry-sdk-1.28.0.jar;E:\M2\io\opentelemetry\opentelemetry-semconv\1.28.0-alpha\opentelemetry-semconv-1.28.0-alpha.jar;E:\M2\net\bytebuddy\byte-buddy\1.14.5\byte-buddy-1.14.5.jar;E:\M2\org\asynchttpclient\async-http-client\2.12.3\async-http-client-2.12.3.jar;E:\M2\org\asynchttpclient\async-http-client-netty-utils\2.12.3\async-http-client-netty-utils-2.12.3.jar;E:\M2\io\netty\netty-codec-socks\4.1.60.Final\netty-codec-socks-4.1.60.Final.jar;E:\M2\io\netty\netty-handler-proxy\4.1.60.Final\netty-handler-proxy-4.1.60.Final.jar;E:\M2\io\netty\netty-transport-native-epoll\4.1.60.Final\netty-transport-native-epoll-4.1.60.Final-linux-x86_64.jar;E:\M2\io\netty\netty-transport-native-kqueue\4.1.60.Final\netty-transport-native-kqueue-4.1.60.Final-osx-x86_64.jar;E:\M2\org\reactivestreams\reactive-streams\1.0.3\reactive-streams-1.0.3.jar;E:\M2\com\typesafe\netty\netty-reactive-streams\2.0.4\netty-reactive-streams-2.0.4.jar;E:\M2\com\sun\activation\jakarta.activation\1.2.2\jakarta.activation-1.2.2.jar;E:\M2\org\seleniumhq\selenium\selenium-os\4.12.1\selenium-os-4.12.1.jar;E:\M2\org\apache\commons\commons-exec\1.3\commons-exec-1.3.jar;E:\M2\org\seleniumhq\selenium\selenium-safari-driver\4.12.1\selenium-safari-driver-4.12.1.jar;E:\M2\org\seleniumhq\selenium\selenium-support\4.12.1\selenium-support-4.12.1.jar;E:\M2\org\testng\testng\7.7.1\testng-7.7.1.jar;E:\M2\org\slf4j\slf4j-api\1.7.36\slf4j-api-1.7.36.jar;E:\M2\com\beust\jcommander\1.82\jcommander-1.82.jar;E:\M2\org\webjars\jquery\3.6.1\jquery-3.6.1.jar;E:\M2\org\apache\maven\plugins\maven-install-plugin\3.1.1\maven-install-plugin-3.1.1.jar;E:\M2\org\eclipse\aether\aether-util\1.0.0.v20140518\aether-util-1.0.0.v20140518.jar;E:\M2\org\eclipse\aether\aether-api\1.0.0.v20140518\aether-api-1.0.0.v20140518.jar;E:\M2\org\codehaus\plexus\plexus-utils\3.5.0\plexus-utils-3.5.0.jar;E:\M2\org\apache\maven\plugins\maven-clean-plugin\3.3.1\maven-clean-plugin-3.3.1.jar;"/>
    <property name="java.vm.vendor" value="Oracle Corporation"/>
    <property name="sun.arch.data.model" value="64"/>
    <property name="user.variant" value=""/>
    <property name="java.vendor.url" value="https://openjdk.java.net/"/>
    <property name="user.timezone" value="Asia/Bangkok"/>
    <property name="java.vm.specification.version" value="11"/>
    <property name="os.name" value="Windows 7"/>
    <property name="sun.java.launcher" value="SUN_STANDARD"/>
    <property name="user.country" value="US"/>
    <property name="sun.boot.library.path" value="C:\Program Files\Java\jdk-11.0.9\bin"/>
    <property name="sun.java.command" value="C:\Users\PC\AppData\Local\Temp\surefire13145910700900286686\surefirebooter4570112867411142607.jar C:\Users\PC\AppData\Local\Temp\surefire13145910700900286686 2023-12-08T18-17-10_767-jvmRun1 surefire15664082741396459761tmp surefire_09490304291859939978tmp"/>
    <property name="jdk.debug" value="release"/>
    <property name="surefire.test.class.path" value="E:\JAVA_WEB\workspace\HerokuProject\target\test-classes;E:\JAVA_WEB\workspace\HerokuProject\target\classes;E:\M2\org\seleniumhq\selenium\selenium-java\4.12.1\selenium-java-4.12.1.jar;E:\M2\org\seleniumhq\selenium\selenium-api\4.12.1\selenium-api-4.12.1.jar;E:\M2\org\seleniumhq\selenium\selenium-chrome-driver\4.12.1\selenium-chrome-driver-4.12.1.jar;E:\M2\com\google\auto\service\auto-service-annotations\1.1.1\auto-service-annotations-1.1.1.jar;E:\M2\com\google\guava\guava\32.1.2-jre\guava-32.1.2-jre.jar;E:\M2\com\google\guava\failureaccess\1.0.1\failureaccess-1.0.1.jar;E:\M2\com\google\guava\listenablefuture\9999.0-empty-to-avoid-conflict-with-guava\listenablefuture-9999.0-empty-to-avoid-conflict-with-guava.jar;E:\M2\com\google\code\findbugs\jsr305\3.0.2\jsr305-3.0.2.jar;E:\M2\org\checkerframework\checker-qual\3.33.0\checker-qual-3.33.0.jar;E:\M2\com\google\errorprone\error_prone_annotations\2.18.0\error_prone_annotations-2.18.0.jar;E:\M2\com\google\j2objc\j2objc-annotations\2.8\j2objc-annotations-2.8.jar;E:\M2\org\seleniumhq\selenium\selenium-chromium-driver\4.12.1\selenium-chromium-driver-4.12.1.jar;E:\M2\org\seleniumhq\selenium\selenium-json\4.12.1\selenium-json-4.12.1.jar;E:\M2\org\seleniumhq\selenium\selenium-manager\4.12.1\selenium-manager-4.12.1.jar;E:\M2\org\seleniumhq\selenium\selenium-devtools-v114\4.12.1\selenium-devtools-v114-4.12.1.jar;E:\M2\org\seleniumhq\selenium\selenium-devtools-v115\4.12.1\selenium-devtools-v115-4.12.1.jar;E:\M2\org\seleniumhq\selenium\selenium-devtools-v116\4.12.1\selenium-devtools-v116-4.12.1.jar;E:\M2\org\seleniumhq\selenium\selenium-devtools-v85\4.12.1\selenium-devtools-v85-4.12.1.jar;E:\M2\org\seleniumhq\selenium\selenium-edge-driver\4.12.1\selenium-edge-driver-4.12.1.jar;E:\M2\org\seleniumhq\selenium\selenium-firefox-driver\4.12.1\selenium-firefox-driver-4.12.1.jar;E:\M2\org\seleniumhq\selenium\selenium-http\4.12.1\selenium-http-4.12.1.jar;E:\M2\dev\failsafe\failsafe\3.3.2\failsafe-3.3.2.jar;E:\M2\org\seleniumhq\selenium\selenium-ie-driver\4.12.1\selenium-ie-driver-4.12.1.jar;E:\M2\org\seleniumhq\selenium\selenium-remote-driver\4.12.1\selenium-remote-driver-4.12.1.jar;E:\M2\io\netty\netty-buffer\4.1.96.Final\netty-buffer-4.1.96.Final.jar;E:\M2\io\netty\netty-codec-http\4.1.96.Final\netty-codec-http-4.1.96.Final.jar;E:\M2\io\netty\netty-codec\4.1.96.Final\netty-codec-4.1.96.Final.jar;E:\M2\io\netty\netty-handler\4.1.96.Final\netty-handler-4.1.96.Final.jar;E:\M2\io\netty\netty-common\4.1.96.Final\netty-common-4.1.96.Final.jar;E:\M2\io\netty\netty-transport-classes-epoll\4.1.96.Final\netty-transport-classes-epoll-4.1.96.Final.jar;E:\M2\io\netty\netty-transport-classes-kqueue\4.1.96.Final\netty-transport-classes-kqueue-4.1.96.Final.jar;E:\M2\io\netty\netty-transport-native-epoll\4.1.96.Final\netty-transport-native-epoll-4.1.96.Final.jar;E:\M2\io\netty\netty-transport-native-kqueue\4.1.96.Final\netty-transport-native-kqueue-4.1.96.Final.jar;E:\M2\io\netty\netty-transport-native-unix-common\4.1.96.Final\netty-transport-native-unix-common-4.1.96.Final.jar;E:\M2\io\netty\netty-transport\4.1.96.Final\netty-transport-4.1.96.Final.jar;E:\M2\io\netty\netty-resolver\4.1.96.Final\netty-resolver-4.1.96.Final.jar;E:\M2\io\opentelemetry\opentelemetry-api\1.28.0\opentelemetry-api-1.28.0.jar;E:\M2\io\opentelemetry\opentelemetry-context\1.28.0\opentelemetry-context-1.28.0.jar;E:\M2\io\opentelemetry\opentelemetry-exporter-logging\1.28.0\opentelemetry-exporter-logging-1.28.0.jar;E:\M2\io\opentelemetry\opentelemetry-sdk-metrics\1.28.0\opentelemetry-sdk-metrics-1.28.0.jar;E:\M2\io\opentelemetry\opentelemetry-extension-incubator\1.28.0-alpha\opentelemetry-extension-incubator-1.28.0-alpha.jar;E:\M2\io\opentelemetry\opentelemetry-sdk-logs\1.28.0\opentelemetry-sdk-logs-1.28.0.jar;E:\M2\io\opentelemetry\opentelemetry-sdk-common\1.28.0\opentelemetry-sdk-common-1.28.0.jar;E:\M2\io\opentelemetry\opentelemetry-sdk-extension-autoconfigure-spi\1.28.0\opentelemetry-sdk-extension-autoconfigure-spi-1.28.0.jar;E:\M2\io\opentelemetry\opentelemetry-sdk-extension-autoconfigure\1.28.0\opentelemetry-sdk-extension-autoconfigure-1.28.0.jar;E:\M2\io\opentelemetry\opentelemetry-api-events\1.28.0-alpha\opentelemetry-api-events-1.28.0-alpha.jar;E:\M2\io\opentelemetry\opentelemetry-sdk-trace\1.28.0\opentelemetry-sdk-trace-1.28.0.jar;E:\M2\io\opentelemetry\opentelemetry-sdk\1.28.0\opentelemetry-sdk-1.28.0.jar;E:\M2\io\opentelemetry\opentelemetry-semconv\1.28.0-alpha\opentelemetry-semconv-1.28.0-alpha.jar;E:\M2\net\bytebuddy\byte-buddy\1.14.5\byte-buddy-1.14.5.jar;E:\M2\org\asynchttpclient\async-http-client\2.12.3\async-http-client-2.12.3.jar;E:\M2\org\asynchttpclient\async-http-client-netty-utils\2.12.3\async-http-client-netty-utils-2.12.3.jar;E:\M2\io\netty\netty-codec-socks\4.1.60.Final\netty-codec-socks-4.1.60.Final.jar;E:\M2\io\netty\netty-handler-proxy\4.1.60.Final\netty-handler-proxy-4.1.60.Final.jar;E:\M2\io\netty\netty-transport-native-epoll\4.1.60.Final\netty-transport-native-epoll-4.1.60.Final-linux-x86_64.jar;E:\M2\io\netty\netty-transport-native-kqueue\4.1.60.Final\netty-transport-native-kqueue-4.1.60.Final-osx-x86_64.jar;E:\M2\org\reactivestreams\reactive-streams\1.0.3\reactive-streams-1.0.3.jar;E:\M2\com\typesafe\netty\netty-reactive-streams\2.0.4\netty-reactive-streams-2.0.4.jar;E:\M2\com\sun\activation\jakarta.activation\1.2.2\jakarta.activation-1.2.2.jar;E:\M2\org\seleniumhq\selenium\selenium-os\4.12.1\selenium-os-4.12.1.jar;E:\M2\org\apache\commons\commons-exec\1.3\commons-exec-1.3.jar;E:\M2\org\seleniumhq\selenium\selenium-safari-driver\4.12.1\selenium-safari-driver-4.12.1.jar;E:\M2\org\seleniumhq\selenium\selenium-support\4.12.1\selenium-support-4.12.1.jar;E:\M2\org\testng\testng\7.7.1\testng-7.7.1.jar;E:\M2\org\slf4j\slf4j-api\1.7.36\slf4j-api-1.7.36.jar;E:\M2\com\beust\jcommander\1.82\jcommander-1.82.jar;E:\M2\org\webjars\jquery\3.6.1\jquery-3.6.1.jar;E:\M2\org\apache\maven\plugins\maven-install-plugin\3.1.1\maven-install-plugin-3.1.1.jar;E:\M2\org\eclipse\aether\aether-util\1.0.0.v20140518\aether-util-1.0.0.v20140518.jar;E:\M2\org\eclipse\aether\aether-api\1.0.0.v20140518\aether-api-1.0.0.v20140518.jar;E:\M2\org\codehaus\plexus\plexus-utils\3.5.0\plexus-utils-3.5.0.jar;E:\M2\org\apache\maven\plugins\maven-clean-plugin\3.3.1\maven-clean-plugin-3.3.1.jar;"/>
    <property name="sun.cpu.endian" value="little"/>
    <property name="user.home" value="C:\Users\PC"/>
    <property name="user.language" value="en"/>
    <property name="java.specification.vendor" value="Oracle Corporation"/>
    <property name="java.version.date" value="2020-10-20"/>
    <property name="java.home" value="C:\Program Files\Java\jdk-11.0.9"/>
    <property name="file.separator" value="\"/>
    <property name="basedir" value="E:\JAVA_WEB\workspace\HerokuProject"/>
    <property name="java.vm.compressedOopsMode" value="32-bit"/>
    <property name="line.separator" value="&#10;"/>
    <property name="filename" value="testng.xml"/>
    <property name="java.specification.name" value="Java Platform API Specification"/>
    <property name="java.vm.specification.vendor" value="Oracle Corporation"/>
    <property name="java.awt.graphicsenv" value="sun.awt.Win32GraphicsEnvironment"/>
    <property name="surefire.real.class.path" value="C:\Users\PC\AppData\Local\Temp\surefire13145910700900286686\surefirebooter4570112867411142607.jar"/>
    <property name="user.script" value=""/>
    <property name="sun.management.compiler" value="HotSpot 64-Bit Tiered Compilers"/>
    <property name="java.runtime.version" value="11.0.9+7-LTS"/>
    <property name="user.name" value="PC"/>
    <property name="path.separator" value=";"/>
    <property name="os.version" value="6.1"/>
    <property name="java.runtime.name" value="Java(TM) SE Runtime Environment"/>
    <property name="file.encoding" value="Cp1252"/>
    <property name="java.vm.name" value="Java HotSpot(TM) 64-Bit Server VM"/>
    <property name="java.vendor.version" value="18.9"/>
    <property name="localRepository" value="E:\M2"/>
    <property name="java.vendor.url.bug" value="https://bugreport.java.com/bugreport/"/>
    <property name="java.io.tmpdir" value="C:\Users\PC\AppData\Local\Temp\"/>
    <property name="java.version" value="11.0.9"/>
    <property name="user.dir" value="E:\JAVA_WEB\workspace\HerokuProject"/>
    <property name="os.arch" value="amd64"/>
    <property name="java.vm.specification.name" value="Java Virtual Machine Specification"/>
    <property name="java.awt.printerjob" value="sun.awt.windows.WPrinterJob"/>
    <property name="sun.os.patch.level" value="Service Pack 1"/>
    <property name="java.library.path" value="C:\Program Files\Java\jdk-11.0.9\bin;C:\Windows\Sun\Java\bin;C:\Windows\system32;C:\Windows;C:\Program Files\Common Files\Oracle\Java\javapath;C:\Program Files\Common Files\Microsoft Shared\Windows Live;C:\Program Files (x86)\Common Files\Microsoft Shared\Windows Live;C:\Users\PC\AppData\Local\Android\Sdk;C:\Program Files\Java\jdk-11.0.9\bin;C:\Windows\system32;C:\Windows;C:\Windows\System32\Wbem;C:\Windows\System32\WindowsPowerShell\v1.0\;C:\Program Files (x86)\Yarn\bin\;F:\caiSQL2008\100\Tools\Binn\;F:\caiSQL2008\100\DTS\Binn\;F:\caiSQL2008\100\Tools\Binn\VSShell\Common7\IDE\;C:\Users\PC\Desktop\TESTPROJECT\TestProjectAuto;C:\Windows\system32;C:\Program Files (x86)\Windows Live\Shared;E:\apache-maven-3.8.1-bin\bin;C:\Program Files\nodejs\;C:\Program Files\Go\bin;E:\CAI_GIT\Git\cmd;E:\CAI_GIT\Git\bin;C:\Program Files\MySQL\MySQL Shell 8.0\bin\;C:\Users\PC\AppData\Local\Yarn\bin;E:\Microsoft VS Code\bin;C:\Users\PC\AppData\Roaming\npm;C:\Users\PC\go\bin;."/>
    <property name="java.vendor" value="Oracle Corporation"/>
    <property name="java.vm.info" value="mixed mode"/>
    <property name="java.vm.version" value="11.0.9+7-LTS"/>
    <property name="sun.io.unicode.encoding" value="UnicodeLittle"/>
    <property name="java.class.version" value="55.0"/>
  </properties>
  <testcase name="TC_011" classname="TESTCASE.TC_Login" time="0.002">
    <system-out><![CDATA[Contact List App
]]></system-out>
    <system-err><![CDATA[SLF4J: Failed to load class "org.slf4j.impl.StaticLoggerBinder".
SLF4J: Defaulting to no-operation (NOP) logger implementation
SLF4J: See http://www.slf4j.org/codes.html#StaticLoggerBinder for further details.
Dec 08, 2023 6:17:16 PM org.openqa.selenium.devtools.CdpVersionFinder findNearestMatch
WARNING: Unable to find CDP implementation matching 109
Dec 08, 2023 6:17:16 PM org.openqa.selenium.chromium.ChromiumDriver lambda$new$5
WARNING: Unable to find version of CDP to use for 109.0.5414.120. You may need to include a dependency on a specific version of the CDP using something similar to `org.seleniumhq.selenium:selenium-devtools-v86:4.12.1` where the version ("v86") matches the version of the chromium-based browser you're using and the version number of the artifact is the same as Selenium's.
Dec 08, 2023 6:17:18 PM org.openqa.selenium.devtools.CdpVersionFinder findNearestMatch
WARNING: Unable to find CDP implementation matching 109
Dec 08, 2023 6:17:18 PM org.openqa.selenium.chromium.ChromiumDriver lambda$new$5
WARNING: Unable to find version of CDP to use for 109.0.5414.120. You may need to include a dependency on a specific version of the CDP using something similar to `org.seleniumhq.selenium:selenium-devtools-v86:4.12.1` where the version ("v86") matches the version of the chromium-based browser you're using and the version number of the artifact is the same as Selenium's.
]]></system-err>
  </testcase>
  <testcase name="TC_012" classname="TESTCASE.TC_Login" time="0.757">
    <system-out><![CDATA[Incorrect username or password
]]></system-out>
  </testcase>
  <testcase name="TC_013" classname="TESTCASE.TC_Login" time="0.745">
    <system-out><![CDATA[Incorrect username or password
]]></system-out>
  </testcase>
  <testcase name="TC_015" classname="TESTCASE.TC_Login" time="0.824">
    <system-out><![CDATA[Incorrect username or password
]]></system-out>
  </testcase>
  <testcase name="TC_016" classname="TESTCASE.TC_Login" time="1.506"/>
  <testcase name="TC_040" classname="TESTCASE.TC_Logout" time="2.341"/>
  <testcase name="TC_041" classname="TESTCASE.TC_Logout" time="3.242"/>
  <testcase name="TC_042" classname="TESTCASE.TC_Logout" time="3.764"/>
  <testcase name="TC_043" classname="TESTCASE.TC_Logout" time="4.763"/>
</testsuite>