<?xml version="1.0" encoding="UTF-8"?>
<!-- Generated by org.testng.reporters.JUnitReportReporter -->
<testsuite hostname="PC-PC" failures="0" tests="5" name="TESTCASE.TC_Login" time="8.378" errors="0" timestamp="2023-12-08T11:09:44 ICT" skipped="0">
  <testcase classname="TESTCASE.TC_Login" name="TC_015" time="2.213"/>
  <system-out/>
  <testcase classname="TESTCASE.TC_Login" name="TC_012" time="1.571"/>
  <system-out/>
  <testcase classname="TESTCASE.TC_Login" name="TC_016" time="2.090"/>
  <system-out/>
  <testcase classname="TESTCASE.TC_Login" name="TC_013" time="1.793"/>
  <system-out/>
  <testcase classname="TESTCASE.TC_Login" name="TC_011" time="0.711"/>
  <system-out/>
</testsuite> <!-- TESTCASE.TC_Login -->
