<?xml version="1.0" encoding="UTF-8"?>
<!-- Generated by org.testng.reporters.JUnitReportReporter -->
<testsuite hostname="PC-PC" failures="0" tests="4" name="TESTCASE.TC_Logout" time="18.606" errors="0" timestamp="2023-12-08T11:12:30 ICT" skipped="0">
  <testcase classname="TESTCASE.TC_Logout" name="TC_041" time="3.786"/>
  <system-out/>
  <testcase classname="TESTCASE.TC_Logout" name="TC_040" time="4.837"/>
  <system-out/>
  <testcase classname="TESTCASE.TC_Logout" name="TC_042" time="4.088"/>
  <system-out/>
  <testcase classname="TESTCASE.TC_Logout" name="TC_043" time="5.895"/>
  <system-out/>
</testsuite> <!-- TESTCASE.TC_Logout -->
