<?xml version="1.0" encoding="UTF-8"?>
<!-- Generated by org.testng.reporters.JUnitReportReporter -->
<testsuite hostname="PC-PC" failures="0" tests="10" name="TESTCASE.TC_Signup" time="23.688" errors="0" timestamp="2023-12-08T11:12:30 ICT" skipped="0">
  <testcase classname="TESTCASE.TC_Signup" name="TC_003" time="2.034"/>
  <system-out/>
  <testcase classname="TESTCASE.TC_Signup" name="TC_010" time="3.859"/>
  <system-out/>
  <testcase classname="TESTCASE.TC_Signup" name="TC_006" time="2.101"/>
  <system-out/>
  <testcase classname="TESTCASE.TC_Signup" name="TC_001" time="2.767"/>
  <system-out/>
  <testcase classname="TESTCASE.TC_Signup" name="TC_005" time="2.080"/>
  <system-out/>
  <testcase classname="TESTCASE.TC_Signup" name="TC_009" time="2.261"/>
  <system-out/>
  <testcase classname="TESTCASE.TC_Signup" name="TC_007" time="2.113"/>
  <system-out/>
  <testcase classname="TESTCASE.TC_Signup" name="TC_008" time="2.361"/>
  <system-out/>
  <testcase classname="TESTCASE.TC_Signup" name="TC_004" time="2.018"/>
  <system-out/>
  <testcase classname="TESTCASE.TC_Signup" name="TC_002" time="2.094"/>
  <system-out/>
</testsuite> <!-- TESTCASE.TC_Signup -->
