<?xml version="1.0" encoding="UTF-8"?>
<!-- Generated by org.testng.reporters.JUnitReportReporter -->
<testsuite hostname="PC-PC" failures="0" tests="8" name="TESTCASE.TC_EditContact" time="68.906" errors="0" timestamp="2023-12-08T11:09:44 ICT" skipped="0">
  <testcase classname="TESTCASE.TC_EditContact" name="TC_028" time="7.346"/>
  <system-out/>
  <testcase classname="TESTCASE.TC_EditContact" name="TC_034" time="7.748"/>
  <system-out/>
  <testcase classname="TESTCASE.TC_EditContact" name="TC_035" time="11.328"/>
  <system-out/>
  <testcase classname="TESTCASE.TC_EditContact" name="TC_030" time="7.579"/>
  <system-out/>
  <testcase classname="TESTCASE.TC_EditContact" name="TC_032" time="7.834"/>
  <system-out/>
  <testcase classname="TESTCASE.TC_EditContact" name="TC_033" time="10.584"/>
  <system-out/>
  <testcase classname="TESTCASE.TC_EditContact" name="TC_031" time="8.089"/>
  <system-out/>
  <testcase classname="TESTCASE.TC_EditContact" name="TC_029" time="8.398"/>
  <system-out/>
</testsuite> <!-- TESTCASE.TC_EditContact -->
