<?xml version="1.0" encoding="UTF-8"?>
<!-- Generated by org.testng.reporters.JUnitReportReporter -->
<testsuite hostname="PC-PC" failures="0" tests="10" name="TESTCASE.TC_AddNewContact" time="40.321" errors="0" timestamp="2023-12-08T11:09:44 ICT" skipped="0">
  <testcase classname="TESTCASE.TC_AddNewContact" name="TC_018" time="3.480"/>
  <system-out/>
  <testcase classname="TESTCASE.TC_AddNewContact" name="TC_017" time="2.633"/>
  <system-out/>
  <testcase classname="TESTCASE.TC_AddNewContact" name="TC_026" time="5.165"/>
  <system-out/>
  <testcase classname="TESTCASE.TC_AddNewContact" name="TC_021" time="4.339"/>
  <system-out/>
  <testcase classname="TESTCASE.TC_AddNewContact" name="TC_019" time="3.563"/>
  <system-out/>
  <testcase classname="TESTCASE.TC_AddNewContact" name="TC_023" time="3.972"/>
  <system-out/>
  <testcase classname="TESTCASE.TC_AddNewContact" name="TC_025" time="4.399"/>
  <system-out/>
  <testcase classname="TESTCASE.TC_AddNewContact" name="TC_024" time="4.361"/>
  <system-out/>
  <testcase classname="TESTCASE.TC_AddNewContact" name="TC_022" time="4.632"/>
  <system-out/>
  <testcase classname="TESTCASE.TC_AddNewContact" name="TC_020" time="3.777"/>
  <system-out/>
</testsuite> <!-- TESTCASE.TC_AddNewContact -->
