<?xml version="1.0" encoding="UTF-8"?>
<!-- Generated by org.testng.reporters.JUnitReportReporter -->
<testsuite hostname="PC-PC" failures="0" tests="1" name="TESTCASE.TC_ContactDetail" time="5.276" errors="0" timestamp="2023-12-08T11:09:44 ICT" skipped="0">
  <testcase classname="TESTCASE.TC_ContactDetail" name="TC_027" time="5.276"/>
  <system-out/>
</testsuite> <!-- TESTCASE.TC_ContactDetail -->
