<?xml version="1.0" encoding="UTF-8"?>
<!-- Generated by org.testng.reporters.JUnitReportReporter -->
<testsuite hostname="PC-PC" failures="0" tests="4" name="TESTCASE.TC_Logout" time="19.211" errors="0" timestamp="2023-12-08T18:17:48 ICT" skipped="0">
  <testcase classname="TESTCASE.TC_Logout" name="TC_040" time="3.140"/>
  <system-out/>
  <testcase classname="TESTCASE.TC_Logout" name="TC_042" time="4.567"/>
  <system-out/>
  <testcase classname="TESTCASE.TC_Logout" name="TC_043" time="7.384"/>
  <system-out/>
  <testcase classname="TESTCASE.TC_Logout" name="TC_041" time="4.120"/>
  <system-out/>
</testsuite> <!-- TESTCASE.TC_Logout -->
