<?xml version="1.0" encoding="UTF-8"?>
<!-- Generated by org.testng.reporters.JUnitReportReporter -->
<testsuite hostname="PC-PC" failures="0" tests="5" name="TESTCASE.TC_Login" time="7.810" errors="0" timestamp="2023-12-08T18:17:48 ICT" skipped="0">
  <testcase classname="TESTCASE.TC_Login" name="TC_011" time="0.593"/>
  <system-out/>
  <testcase classname="TESTCASE.TC_Login" name="TC_015" time="2.279"/>
  <system-out/>
  <testcase classname="TESTCASE.TC_Login" name="TC_012" time="1.552"/>
  <system-out/>
  <testcase classname="TESTCASE.TC_Login" name="TC_016" time="2.064"/>
  <system-out/>
  <testcase classname="TESTCASE.TC_Login" name="TC_013" time="1.322"/>
  <system-out/>
</testsuite> <!-- TESTCASE.TC_Login -->
